<?xml version="1.0" encoding="UTF-8"?>
<testsuite xmlns:xsi="http://www.w3.org/2001/XMLSchema-instance" xsi:noNamespaceSchemaLocation="https://maven.apache.org/surefire/maven-surefire-plugin/xsd/surefire-test-report.xsd" version="3.0.2" name="pdl.backend.ImageControllerTests" time="0.442" tests="8" errors="0" skipped="0" failures="0">
  <properties>
[...]
</properties>
  <testcase name="getImageListShouldReturnSuccess" classname="pdl.backend.ImageControllerTests" time="0.059">
    <system-out><![CDATA[2025-01-28T19:41:21.514+01:00  INFO 20961 --- [backend] [           main] t.c.s.AnnotationConfigContextLoaderUtils : Could not detect default configuration classes for test class [pdl.backend.ImageControllerTests]: ImageControllerTests does not declare any static, non-private, non-final, nested classes annotated with @Configuration.
2025-01-28T19:41:21.521+01:00  INFO 20961 --- [backend] [           main] .b.t.c.SpringBootTestContextBootstrapper : Found @SpringBootConfiguration pdl.backend.BackendApplication for test class pdl.backend.ImageControllerTests

  .   ____          _            __ _ _
 /\\ / ___'_ __ _ _(_)_ __  __ _ \ \ \ \
( ( )\___ | '_ | '_| | '_ \/ _` | \ \ \ \
 \\/  ___)| |_)| | | | | || (_| |  ) ) ) )
  '  |____| .__|_| |_|_| |_\__, | / / / /
 =========|_|==============|___/=/_/_/_/

 :: Spring Boot ::                (v3.4.1)

2025-01-28T19:41:21.548+01:00  INFO 20961 --- [backend] [           main] pdl.backend.ImageControllerTests         : Starting ImageControllerTests using Java 17.0.13 with PID 20961 (started by daskans in /home/daskans/Code/FAC/L3 Info/Projet de Développement Logiciel/backend)
2025-01-28T19:41:21.548+01:00  INFO 20961 --- [backend] [           main] pdl.backend.ImageControllerTests         : No active profile set, falling back to 1 default profile: "default"
2025-01-28T19:41:21.727+01:00  INFO 20961 --- [backend] [           main] o.s.b.t.m.w.SpringBootMockServletContext : Initializing Spring TestDispatcherServlet ''
2025-01-28T19:41:21.727+01:00  INFO 20961 --- [backend] [           main] o.s.t.web.servlet.TestDispatcherServlet  : Initializing Servlet ''
2025-01-28T19:41:21.729+01:00  INFO 20961 --- [backend] [           main] o.s.t.web.servlet.TestDispatcherServlet  : Completed initialization in 1 ms
2025-01-28T19:41:21.738+01:00  INFO 20961 --- [backend] [           main] pdl.backend.ImageControllerTests         : Started ImageControllerTests in 0.212 seconds (process running for 2.3)
]]></system-out>
  </testcase>
  <testcase name="getImageShouldReturnNotFound" classname="pdl.backend.ImageControllerTests" time="0.015"/>
  <testcase name="getImageShouldReturnSuccess" classname="pdl.backend.ImageControllerTests" time="0.013"/>
  <testcase name="deleteImagesShouldReturnMethodNotAllowed" classname="pdl.backend.ImageControllerTests" time="0.003"/>
  <testcase name="deleteImageShouldReturnNotFound" classname="pdl.backend.ImageControllerTests" time="0.007"/>
  <testcase name="deleteImageShouldReturnSuccess" classname="pdl.backend.ImageControllerTests" time="0.006"/>
  <testcase name="createImageShouldReturnSuccess" classname="pdl.backend.ImageControllerTests" time="0.096"/>
  <testcase name="createImageShouldReturnUnsupportedMediaType" classname="pdl.backend.ImageControllerTests" time="0.006"/>
</testsuite>